<?xml version="1.0" encoding="UTF-8"?>
<testsuite xmlns:xsi="http://www.w3.org/2001/XMLSchema-instance" xsi:noNamespaceSchemaLocation="https://maven.apache.org/surefire/maven-surefire-plugin/xsd/surefire-test-report-3.0.xsd" version="3.0" name="model.First_Test" time="0.013" tests="2" errors="0" skipped="0" failures="0">
  <properties>
[...]
</properties>
  <testcase name="testReset" classname="model.First_Test" time="0.002">
    <system-out><![CDATA[[MODEL] reset 
[MODEL] Observers notified (reset)
]]></system-out>
  </testcase>
  <testcase name="testCheckNumber" classname="model.First_Test" time="0.002">
    <system-out><![CDATA[[MODEL] reset 
[MODEL] Observers notified (reset)
[MODEL] The array doesn't contains the number: Numero non presente
[MODEL] Checked 5
[MODEL] Observers notified (mult)
[MODEL] The array contains the number: Numero giÃ  presente
[MODEL] Checked 5
[MODEL] Observers notified (mult)
]]></system-out>
  </testcase>
</testsuite>